Base path: 'C:/Program Files/UnityVersions/2019.4.1f1/Editor/Data', plugins path 'C:/Program Files/UnityVersions/2019.4.1f1/Editor/Data/PlaybackEngines'
Cmd: initializeCompiler
Cmd: compileComputeKernel
  error: 1 plat 4 at ParticleCalclator.compute(210): signed/unsigned mismatch, unsigned assumed
  error: 1 plat 4 at ParticleCalclator.compute(222): signed/unsigned mismatch, unsigned assumed
  api=4 insize=6245 outsize=662 ok=1
Cmd: compileComputeKernel
  error: 2 plat 4 at ParticleCalclator.compute(193): syntax error: unexpected token '}'
  error: 2 plat 4 at ParticleCalclator.compute(200): 'CalcGridIndex3': no matching 1 parameter function
  error: 2 plat 4 at ParticleCalclator.compute(200): undeclared identifier 'pos'
  api=4 insize=6252 outsize=0 ok=0
Cmd: compileComputeKernel
  error: 1 plat 4 at ParticleCalclator.compute(209): signed/unsigned mismatch, unsigned assumed
  error: 1 plat 4 at ParticleCalclator.compute(221): signed/unsigned mismatch, unsigned assumed
  api=4 insize=6253 outsize=495 ok=1
Cmd: compileComputeKernel
  error: 1 plat 4 at ParticleCalclator.compute(209): signed/unsigned mismatch, unsigned assumed
  error: 1 plat 4 at ParticleCalclator.compute(221): signed/unsigned mismatch, unsigned assumed
  api=4 insize=6219 outsize=2002 ok=1
Cmd: compileComputeKernel
  error: 1 plat 4 at ParticleCalclator.compute(209): signed/unsigned mismatch, unsigned assumed
  api=4 insize=6251 outsize=662 ok=1
Cmd: compileComputeKernel
  error: 2 plat 4 at ParticleCalclator.compute(38): undeclared identifier 'id'
  api=4 insize=6219 outsize=0 ok=0
Cmd: compileComputeKernel
  error: 1 plat 4 at ParticleCalclator.compute(210): signed/unsigned mismatch, unsigned assumed
  error: 1 plat 4 at ParticleCalclator.compute(222): signed/unsigned mismatch, unsigned assumed
  api=4 insize=6217 outsize=1958 ok=1
Cmd: compileComputeKernel
  error: 1 plat 4 at ParticleCalculator.compute(186): signed/unsigned mismatch, unsigned assumed
  error: 1 plat 4 at ParticleCalculator.compute(199): signed/unsigned mismatch, unsigned assumed
  api=4 insize=5716 outsize=555 ok=1

Quitting shader compiler process
